<?xml version="1.0" encoding="UTF-8"?>
<testng-results skipped="0" failed="1" ignored="0" total="3" passed="2">
  <reporter-output>
  </reporter-output>
  <suite name="Default suite" duration-ms="474" started-at="2018-06-21T10:03:36Z" finished-at="2018-06-21T10:03:36Z">
    <groups>
    </groups>
    <test name="Default test" duration-ms="474" started-at="2018-06-21T10:03:36Z" finished-at="2018-06-21T10:03:36Z">
      <class name="LoginTest">
        <test-method status="PASS" signature="beforeSuite()[pri:0, instance:LoginTest@b672aa8]" name="beforeSuite" is-config="true" duration-ms="52" started-at="2018-06-21T10:03:36Z" finished-at="2018-06-21T10:03:36Z">
          <reporter-output>
          </reporter-output>
        </test-method> <!-- beforeSuite -->
        <test-method status="PASS" signature="test001()[pri:0, instance:LoginTest@b672aa8]" name="test001" duration-ms="148" started-at="2018-06-21T10:03:36Z" description="Description for test 1" finished-at="2018-06-21T10:03:36Z">
          <reporter-output>
          </reporter-output>
        </test-method> <!-- test001 -->
        <test-method status="PASS" signature="test003()[pri:1, instance:LoginTest@b672aa8]" name="test003" duration-ms="4" started-at="2018-06-21T10:03:36Z" description="Description for test 3" finished-at="2018-06-21T10:03:36Z">
          <reporter-output>
          </reporter-output>
        </test-method> <!-- test003 -->
        <test-method status="FAIL" signature="test002()[pri:2, instance:LoginTest@b672aa8]" name="test002" duration-ms="15" started-at="2018-06-21T10:03:36Z" description="Description for test 2" finished-at="2018-06-21T10:03:36Z">
          <exception class="java.lang.AssertionError">
            <message>
              <![CDATA[expected [true] but found [false]]]>
            </message>
            <full-stacktrace>
              <![CDATA[java.lang.AssertionError: expected [true] but found [false]
at org.testng.Assert.fail(Assert.java:96)
at org.testng.Assert.failNotEquals(Assert.java:776)
at org.testng.Assert.assertTrue(Assert.java:44)
at org.testng.Assert.assertTrue(Assert.java:54)
at LoginTest.test002(LoginTest.java:54)
at sun.reflect.NativeMethodAccessorImpl.invoke0(Native Method)
at sun.reflect.NativeMethodAccessorImpl.invoke(Unknown Source)
at sun.reflect.DelegatingMethodAccessorImpl.invoke(Unknown Source)
at java.lang.reflect.Method.invoke(Unknown Source)
at org.testng.internal.MethodInvocationHelper.invokeMethod(MethodInvocationHelper.java:124)
at org.testng.internal.Invoker.invokeMethod(Invoker.java:583)
at org.testng.internal.Invoker.invokeTestMethod(Invoker.java:719)
at org.testng.internal.Invoker.invokeTestMethods(Invoker.java:989)
at org.testng.internal.TestMethodWorker.invokeTestMethods(TestMethodWorker.java:125)
at org.testng.internal.TestMethodWorker.run(TestMethodWorker.java:109)
at org.testng.TestRunner.privateRun(TestRunner.java:648)
at org.testng.TestRunner.run(TestRunner.java:505)
at org.testng.SuiteRunner.runTest(SuiteRunner.java:455)
at org.testng.SuiteRunner.runSequentially(SuiteRunner.java:450)
at org.testng.SuiteRunner.privateRun(SuiteRunner.java:415)
at org.testng.SuiteRunner.run(SuiteRunner.java:364)
at org.testng.SuiteRunnerWorker.runSuite(SuiteRunnerWorker.java:52)
at org.testng.SuiteRunnerWorker.run(SuiteRunnerWorker.java:84)
at org.testng.TestNG.runSuitesSequentially(TestNG.java:1208)
at org.testng.TestNG.runSuitesLocally(TestNG.java:1137)
at org.testng.TestNG.runSuites(TestNG.java:1049)
at org.testng.TestNG.run(TestNG.java:1017)
at org.testng.remote.AbstractRemoteTestNG.run(AbstractRemoteTestNG.java:114)
at org.testng.remote.RemoteTestNG.initAndRun(RemoteTestNG.java:251)
at org.testng.remote.RemoteTestNG.main(RemoteTestNG.java:77)
]]>
            </full-stacktrace>
          </exception> <!-- java.lang.AssertionError -->
          <reporter-output>
          </reporter-output>
        </test-method> <!-- test002 -->
        <test-method status="PASS" signature="afterSuite()[pri:0, instance:LoginTest@b672aa8]" name="afterSuite" is-config="true" duration-ms="1" started-at="2018-06-21T10:03:36Z" finished-at="2018-06-21T10:03:36Z">
          <reporter-output>
          </reporter-output>
        </test-method> <!-- afterSuite -->
      </class> <!-- LoginTest -->
    </test> <!-- Default test -->
  </suite> <!-- Default suite -->
</testng-results>
